0 info it worked if it ends with ok
1 verbose cli [ 'C:\\Program Files\\nodejs\\node.exe',
1 verbose cli   'C:\\Program Files\\nodejs\\node_modules\\npm\\bin\\npm-cli.js',
1 verbose cli   'publish' ]
2 info using npm@3.10.9
3 info using node@v6.9.2
4 verbose publish [ '.' ]
5 silly cache add args [ '.', null ]
6 verbose cache add spec .
7 silly cache add parsed spec Result {
7 silly cache add   raw: '.',
7 silly cache add   scope: null,
7 silly cache add   escapedName: null,
7 silly cache add   name: null,
7 silly cache add   rawSpec: '.',
7 silly cache add   spec: 'C:\\Users\\hsahin\\Desktop\\observable',
7 silly cache add   type: 'directory' }
8 verbose addLocalDirectory C:\Users\hsahin\AppData\Roaming\npm-cache\observable\0.0.2\package.tgz not in flight; packing
9 verbose correctMkdir C:\Users\hsahin\AppData\Roaming\npm-cache correctMkdir not in flight; initializing
10 info lifecycle observable@0.0.2~prepublish: observable@0.0.2
11 silly lifecycle observable@0.0.2~prepublish: no script for prepublish, continuing
12 verbose tar pack [ 'C:\\Users\\hsahin\\AppData\\Roaming\\npm-cache\\observable\\0.0.2\\package.tgz',
12 verbose tar pack   'C:\\Users\\hsahin\\Desktop\\observable' ]
13 verbose tarball C:\Users\hsahin\AppData\Roaming\npm-cache\observable\0.0.2\package.tgz
14 verbose folder C:\Users\hsahin\Desktop\observable
15 verbose addLocalTarball adding from inside cache C:\Users\hsahin\AppData\Roaming\npm-cache\observable\0.0.2\package.tgz
16 verbose correctMkdir C:\Users\hsahin\AppData\Roaming\npm-cache correctMkdir not in flight; initializing
17 silly cache afterAdd observable@0.0.2
18 verbose afterAdd C:\Users\hsahin\AppData\Roaming\npm-cache\observable\0.0.2\package\package.json not in flight; writing
19 verbose correctMkdir C:\Users\hsahin\AppData\Roaming\npm-cache correctMkdir not in flight; initializing
20 verbose afterAdd C:\Users\hsahin\AppData\Roaming\npm-cache\observable\0.0.2\package\package.json written
21 silly publish { name: 'observable',
21 silly publish   version: '0.0.2',
21 silly publish   description: 'Observes your javascript objects',
21 silly publish   main: 'dist/observer.js',
21 silly publish   scripts:
21 silly publish    { test: 'echo "Error: no test specified" && exit 1',
21 silly publish      build: 'webpack' },
21 silly publish   keywords: [],
21 silly publish   author: '',
21 silly publish   license: 'ISC',
21 silly publish   devDependencies: { underscore: '^1.8.3', webpack: '^2.2.1' },
21 silly publish   readme: '# Observer\r\n\r\nObserves your javascript objects\r\n\r\n### Example :\r\n\r\n```\r\nvar Observer = require("observer");\r\n\r\nvar userObject = {\r\n   username : \'kucukkanat\',\r\n   email : \'htolgasahin@gmail.com\',\r\n   attrs : {\r\n      a:5,\r\n      b:666\r\n   }\r\n}\r\n\r\nvar userObserver = new Observer(userObject);\r\n\r\nuserObserver.watch(\'username\')\r\n.then(function(nv){\r\n   console.log("User object changed to : ",nv)\r\n})\r\n\r\nuserObserver.watch(\'attrs\')\r\n.then(function(nv){\r\n   console.log("User object changed to : ",nv)\r\n})\r\n\r\n// Make changes after observing\r\nuserObject.username = \'nepjua\';\r\nuserObject.username = \'naber\';\r\nuserObject.attrs.a = \'tolga\';\r\n\r\n```\r\n',
21 silly publish   readmeFilename: 'Readme.md',
21 silly publish   gitHead: '72c027b26edfa8301e981f9b52374b9e23242e8e',
21 silly publish   _id: 'observable@0.0.2',
21 silly publish   _shasum: 'a825609c53c2e6f92994b4a856ede0eca8964d7b',
21 silly publish   _from: '.' }
22 verbose getPublishConfig undefined
23 silly mapToRegistry name observable
24 silly mapToRegistry using default registry
25 silly mapToRegistry registry https://registry.npmjs.org/
26 silly mapToRegistry data Result {
26 silly mapToRegistry   raw: 'observable',
26 silly mapToRegistry   scope: null,
26 silly mapToRegistry   escapedName: 'observable',
26 silly mapToRegistry   name: 'observable',
26 silly mapToRegistry   rawSpec: '',
26 silly mapToRegistry   spec: 'latest',
26 silly mapToRegistry   type: 'tag' }
27 silly mapToRegistry uri https://registry.npmjs.org/observable
28 verbose publish registryBase https://registry.npmjs.org/
29 silly publish uploading C:\Users\hsahin\AppData\Roaming\npm-cache\observable\0.0.2\package.tgz
30 verbose request uri https://registry.npmjs.org/observable
31 verbose request sending authorization for write operation
32 info attempt registry request try #1 at 1:52:22 AM
33 verbose request using bearer token for auth
34 verbose request id 1f3e1f2fce30eb00
35 http request PUT https://registry.npmjs.org/observable
36 http 403 https://registry.npmjs.org/observable
37 verbose headers { 'content-type': 'application/json',
37 verbose headers   'cache-control': 'max-age=300',
37 verbose headers   'content-length': '104',
37 verbose headers   'accept-ranges': 'bytes',
37 verbose headers   date: 'Sun, 19 Feb 2017 00:52:21 GMT',
37 verbose headers   via: '1.1 varnish',
37 verbose headers   connection: 'keep-alive',
37 verbose headers   'x-served-by': 'cache-ams4433-AMS',
37 verbose headers   'x-cache': 'MISS',
37 verbose headers   'x-cache-hits': '0',
37 verbose headers   'x-timer': 'S1487465541.105563,VS0,VE806',
37 verbose headers   vary: 'Accept-Encoding' }
38 verbose request invalidating C:\Users\hsahin\AppData\Roaming\npm-cache\registry.npmjs.org\observable on PUT
39 error publish Failed PUT 403
40 verbose stack Error: you do not have permission to publish "observable". Are you logged in as the correct user? : observable
40 verbose stack     at makeError (C:\Program Files\nodejs\node_modules\npm\node_modules\npm-registry-client\lib\request.js:302:12)
40 verbose stack     at CachingRegistryClient.<anonymous> (C:\Program Files\nodejs\node_modules\npm\node_modules\npm-registry-client\lib\request.js:290:14)
40 verbose stack     at Request._callback (C:\Program Files\nodejs\node_modules\npm\node_modules\npm-registry-client\lib\request.js:210:14)
40 verbose stack     at Request.self.callback (C:\Program Files\nodejs\node_modules\npm\node_modules\request\request.js:187:22)
40 verbose stack     at emitTwo (events.js:106:13)
40 verbose stack     at Request.emit (events.js:191:7)
40 verbose stack     at Request.<anonymous> (C:\Program Files\nodejs\node_modules\npm\node_modules\request\request.js:1048:10)
40 verbose stack     at emitOne (events.js:96:13)
40 verbose stack     at Request.emit (events.js:188:7)
40 verbose stack     at IncomingMessage.<anonymous> (C:\Program Files\nodejs\node_modules\npm\node_modules\request\request.js:969:12)
41 verbose statusCode 403
42 verbose pkgid observable
43 verbose cwd C:\Users\hsahin\Desktop\observable
44 error Windows_NT 10.0.14393
45 error argv "C:\\Program Files\\nodejs\\node.exe" "C:\\Program Files\\nodejs\\node_modules\\npm\\bin\\npm-cli.js" "publish"
46 error node v6.9.2
47 error npm  v3.10.9
48 error code E403
49 error you do not have permission to publish "observable". Are you logged in as the correct user? : observable
50 error If you need help, you may report this error at:
50 error     <https://github.com/npm/npm/issues>
51 verbose exit [ 1, true ]
